This is pdfTeX, Version 3.1415926-2.5-1.40.14 (MiKTeX 2.9 64-bit) (preloaded format=pdflatex 2014.3.16)  8 DEC 2014 16:41
entering extended mode
**verslag.tex
(C:\Users\Cedric\Desktop\ACM_template\verslag.tex
LaTeX2e <2011/06/27>
Babel <v3.8m> and hyphenation patterns for english, afrikaans, ancientgreek, ar
abic, armenian, assamese, basque, bengali, bokmal, bulgarian, catalan, coptic, 
croatian, czech, danish, dutch, esperanto, estonian, farsi, finnish, french, ga
lician, german, german-x-2013-05-26, greek, gujarati, hindi, hungarian, iceland
ic, indonesian, interlingua, irish, italian, kannada, kurmanji, latin, latvian,
 lithuanian, malayalam, marathi, mongolian, mongolianlmc, monogreek, ngerman, n
german-x-2013-05-26, nynorsk, oriya, panjabi, pinyin, polish, portuguese, roman
ian, russian, sanskrit, serbian, slovak, slovenian, spanish, swedish, swissgerm
an, tamil, telugu, turkish, turkmen, ukenglish, ukrainian, uppersorbian, usengl
ishmax, welsh, loaded.
(C:\Users\Cedric\Desktop\ACM_template\acm_proc_article-sp.cls
(D:\Programs\MiKTeX\tex\latex\graphics\epsfig.sty
Package: epsfig 1999/02/16 v1.7a (e)psfig emulation (SPQR)

(D:\Programs\MiKTeX\tex\latex\graphics\graphicx.sty
Package: graphicx 1999/02/16 v1.0f Enhanced LaTeX Graphics (DPC,SPQR)

(D:\Programs\MiKTeX\tex\latex\graphics\keyval.sty
Package: keyval 1999/03/16 v1.13 key=value parser (DPC)
\KV@toks@=\toks14
)
(D:\Programs\MiKTeX\tex\latex\graphics\graphics.sty
Package: graphics 2009/02/05 v1.0o Standard LaTeX Graphics (DPC,SPQR)

(D:\Programs\MiKTeX\tex\latex\graphics\trig.sty
Package: trig 1999/03/16 v1.09 sin cos tan (DPC)
)
(D:\Programs\MiKTeX\tex\latex\00miktex\graphics.cfg
File: graphics.cfg 2007/01/18 v1.5 graphics configuration of teTeX/TeXLive
)
Package graphics Info: Driver file: pdftex.def on input line 91.

(D:\Programs\MiKTeX\tex\latex\pdftex-def\pdftex.def
File: pdftex.def 2011/05/27 v0.06d Graphics/color for pdfTeX

(D:\Programs\MiKTeX\tex\generic\oberdiek\infwarerr.sty
Package: infwarerr 2010/04/08 v1.3 Providing info/warning/error messages (HO)
)
(D:\Programs\MiKTeX\tex\generic\oberdiek\ltxcmds.sty
Package: ltxcmds 2011/11/09 v1.22 LaTeX kernel commands for general use (HO)
)
\Gread@gobject=\count79
))
\Gin@req@height=\dimen102
\Gin@req@width=\dimen103
)
\epsfxsize=\dimen104
\epsfysize=\dimen105
)
(D:\Programs\MiKTeX\tex\latex\amsfonts\amssymb.sty
Package: amssymb 2013/01/14 v3.01 AMS font symbols

(D:\Programs\MiKTeX\tex\latex\amsfonts\amsfonts.sty
Package: amsfonts 2013/01/14 v3.01 Basic AMSFonts support
\@emptytoks=\toks15
\symAMSa=\mathgroup4
\symAMSb=\mathgroup5
LaTeX Font Info:    Overwriting math alphabet `\mathfrak' in version `bold'
(Font)                  U/euf/m/n --> U/euf/b/n on input line 106.
))
(D:\Programs\MiKTeX\tex\latex\amsmath\amsmath.sty
Package: amsmath 2013/01/14 v2.14 AMS math features
\@mathmargin=\skip41

For additional information on amsmath, use the `?' option.
(D:\Programs\MiKTeX\tex\latex\amsmath\amstext.sty
Package: amstext 2000/06/29 v2.01

(D:\Programs\MiKTeX\tex\latex\amsmath\amsgen.sty
File: amsgen.sty 1999/11/30 v2.0
\@emptytoks=\toks16
\ex@=\dimen106
))
(D:\Programs\MiKTeX\tex\latex\amsmath\amsbsy.sty
Package: amsbsy 1999/11/29 v1.2d
\pmbraise@=\dimen107
)
(D:\Programs\MiKTeX\tex\latex\amsmath\amsopn.sty
Package: amsopn 1999/12/14 v2.01 operator names
)
\inf@bad=\count80
LaTeX Info: Redefining \frac on input line 210.
\uproot@=\count81
\leftroot@=\count82
LaTeX Info: Redefining \overline on input line 306.
\classnum@=\count83
\DOTSCASE@=\count84
LaTeX Info: Redefining \ldots on input line 378.
LaTeX Info: Redefining \dots on input line 381.
LaTeX Info: Redefining \cdots on input line 466.
\Mathstrutbox@=\box26
\strutbox@=\box27
\big@size=\dimen108
LaTeX Font Info:    Redeclaring font encoding OML on input line 566.
LaTeX Font Info:    Redeclaring font encoding OMS on input line 567.
\macc@depth=\count85
\c@MaxMatrixCols=\count86
\dotsspace@=\muskip10
\c@parentequation=\count87
\dspbrk@lvl=\count88
\tag@help=\toks17
\row@=\count89
\column@=\count90
\maxfields@=\count91
\andhelp@=\toks18
\eqnshift@=\dimen109
\alignsep@=\dimen110
\tagshift@=\dimen111
\tagwidth@=\dimen112
\totwidth@=\dimen113
\lineht@=\dimen114
\@envbody=\toks19
\multlinegap=\skip42
\multlinetaggap=\skip43
\mathdisplay@stack=\toks20
LaTeX Info: Redefining \[ on input line 2665.
LaTeX Info: Redefining \] on input line 2666.
)
Document Class 'acm_proc_article-sp' <22nd. April '09>. Modified by G.K.M. Tobi
n
Based in part upon document Style `acmconf' <22 May 89>. Hacked 4/91 by
shivers@cs.cmu.edu, 4/93 by theobald@cs.mcgill.ca
Excerpts were taken from (Journal Style) 'esub2acm.cls'.
****** Bugs/comments/suggestions to Gerry Murray -- murray@hq.acm.org ******
\footheight=\dimen115
\@maxsep=\dimen116
\@dblmaxsep=\dimen117
\aucount=\count92
\originalaucount=\count93
\auwidth=\dimen118
\auskip=\dimen119
\auskipcount=\count94
\auskip=\dimen120
\allauboxes=\dimen121
\addauthors=\toks21
\addauflag=\count95
\subtitletext=\toks22
\savesection=\count96
\sectioncntr=\count97
\c@figure=\count98
\c@table=\count99
\titleboxnotes=\toks23
\titleboxnoteflag=\count100
Document Class: acm_proc_article-sp 2009/04/22 - V3.2SP - based on esub2acm.sty
 <23 April 96>
(D:\Programs\MiKTeX\tex\latex\base\latexsym.sty
Package: latexsym 1998/08/17 v2.2e Standard LaTeX package (lasy symbols)
\symlasy=\mathgroup6
LaTeX Font Info:    Overwriting symbol font `lasy' in version `bold'
(Font)                  U/lasy/m/n --> U/lasy/b/n on input line 47.
)
\@acmtitlebox=\box28
\titlenotecount=\count101
\tntoks=\toks24
\tntokstwo=\toks25
\tntoksthree=\toks26
\tntoksfour=\toks27
\tntoksfive=\toks28
\catcount=\count102
\copyrightnotice=\toks29
\conf=\toks30
\confinfo=\toks31
\c@part=\count103
\c@section=\count104
\c@subsection=\count105
\c@subsubsection=\count106
\c@paragraph=\count107

Using 'Abbrev' bibliography style
LaTeX Info: Redefining \cite on input line 1236.
\bibindent=\dimen122
\colcntr=\count108
\saveb@x=\box29
\copyrtyr=\toks32
\acmcopyr=\toks33
\boilerplate=\toks34
\copyrightetc=\toks35
(D:\Programs\MiKTeX\tex\latex\base\fontenc.sty
Package: fontenc 2005/09/27 v1.99g Standard LaTeX package

(D:\Programs\MiKTeX\tex\latex\base\t1enc.def
File: t1enc.def 2005/09/27 v1.99g Standard LaTeX file
LaTeX Font Info:    Redeclaring font encoding T1 on input line 43.
)
LaTeX Font Info:    Try loading font information for T1+aer on input line 100.

(D:\Programs\MiKTeX\tex\latex\ae\t1aer.fd
File: t1aer.fd 1997/11/16 Font definitions for T1/aer.
)))
(D:\Programs\MiKTeX\tex\latex\caption\caption.sty
Package: caption 2013/05/02 v3.3-89 Customizing captions (AR)

(D:\Programs\MiKTeX\tex\latex\caption\caption3.sty
Package: caption3 2013/05/02 v1.6-88 caption3 kernel (AR)
Package caption3 Info: TeX engine: e-TeX on input line 57.
\captionmargin=\dimen123
\captionmargin@=\dimen124
\captionwidth=\dimen125
\caption@tempdima=\dimen126
\caption@indent=\dimen127
\caption@parindent=\dimen128
\caption@hangindent=\dimen129
\abovecaptionskip=\skip44
\belowcaptionskip=\skip45
Package caption Info: Unknown document class (or package),
(caption)             standard defaults will be used.
)

Package caption Warning: Unsupported document class (or package) detected,
(caption)                usage of the caption package is not recommended.
See the caption package documentation for explanation.

Package caption Info: \@makecaption = \long macro:#1#2-> \vskip \baselineskip \
setbox \@tempboxa \hbox {\textbf {#1: #2}} \ifdim \wd \@tempboxa >\hsize \textb
f {#1: #2}\par \else \hbox to\hsize {\hfil \box \@tempboxa \hfil }\par \fi .
\c@ContinuedFloat=\count109
) (D:\Programs\MiKTeX\tex\generic\babel\babel.sty
Package: babel 2008/07/08 v3.8m The Babel package

*************************************
* Local config file bblopts.cfg used
*
(D:\Programs\MiKTeX\tex\latex\00miktex\bblopts.cfg
File: bblopts.cfg 2006/07/31 v1.0 MiKTeX 'babel' configuration
)
(D:\Programs\MiKTeX\tex\generic\babel\english.ldf
Language: english 2005/03/30 v3.3o English support from the babel system

(D:\Programs\MiKTeX\tex\generic\babel\babel.def
File: babel.def 2008/07/08 v3.8m Babel common definitions
\babel@savecnt=\count110
\U@D=\dimen130
)
\l@canadian = a dialect from \language\l@american 
\l@australian = a dialect from \language\l@british 
\l@newzealand = a dialect from \language\l@british 
))
(D:\Programs\MiKTeX\tex\latex\caption\subcaption.sty
Package: subcaption 2013/02/03 v1.1-62 Sub-captions (AR)
\c@subfigure=\count111
\c@subtable=\count112
)
(D:\Programs\MiKTeX\tex\latex\was\gensymb.sty
Package: gensymb 2003/07/02 v1.0 (WaS)
)
(C:\Users\Cedric\Desktop\ACM_template\verslag.aux)
LaTeX Font Info:    Checking defaults for OML/cmm/m/it on input line 8.
LaTeX Font Info:    ... okay on input line 8.
LaTeX Font Info:    Checking defaults for T1/cmr/m/n on input line 8.
LaTeX Font Info:    ... okay on input line 8.
LaTeX Font Info:    Checking defaults for OT1/cmr/m/n on input line 8.
LaTeX Font Info:    ... okay on input line 8.
LaTeX Font Info:    Checking defaults for OMS/cmsy/m/n on input line 8.
LaTeX Font Info:    ... okay on input line 8.
LaTeX Font Info:    Checking defaults for OMX/cmex/m/n on input line 8.
LaTeX Font Info:    ... okay on input line 8.
LaTeX Font Info:    Checking defaults for U/cmr/m/n on input line 8.
LaTeX Font Info:    ... okay on input line 8.

(D:\Programs\MiKTeX\tex\context\base\supp-pdf.mkii
[Loading MPS to PDF converter (version 2006.09.02).]
\scratchcounter=\count113
\scratchdimen=\dimen131
\scratchbox=\box30
\nofMPsegments=\count114
\nofMParguments=\count115
\everyMPshowfont=\toks36
\MPscratchCnt=\count116
\MPscratchDim=\dimen132
\MPnumerator=\count117
\makeMPintoPDFobject=\count118
\everyMPtoPDFconversion=\toks37
)
Package caption Info: Begin \AtBeginDocument code.
Package caption Info: End \AtBeginDocument code.
LaTeX Info: Redefining \celsius on input line 8.
Package gensymb Info: Faking symbols for \degree and \celsius on input line 8.


Package gensymb Warning: Not defining \perthousand.

LaTeX Info: Redefining \ohm on input line 8.
Package gensymb Info: Using \Omega for \ohm on input line 8.

Package gensymb Warning: Not defining \micro.

LaTeX Font Info:    Try loading font information for U+msa on input line 46.
(D:\Programs\MiKTeX\tex\latex\amsfonts\umsa.fd
File: umsa.fd 2013/01/14 v3.01 AMS symbols A
)
LaTeX Font Info:    Try loading font information for U+msb on input line 46.

(D:\Programs\MiKTeX\tex\latex\amsfonts\umsb.fd
File: umsb.fd 2013/01/14 v3.01 AMS symbols B
)
LaTeX Font Info:    Try loading font information for U+lasy on input line 46.

(D:\Programs\MiKTeX\tex\latex\base\ulasy.fd
File: ulasy.fd 1998/08/17 v2.2e LaTeX symbol font definitions
)
<./img/overviewScreen.jpg, id=1, 1445.4pt x 682.04813pt>
File: ./img/overviewScreen.jpg Graphic file (type jpg)

<use ./img/overviewScreen.jpg>
Package pdftex.def Info: ./img/overviewScreen.jpg used on input line 59.
(pdftex.def)             Requested size: 252.0pt x 118.91269pt.

Overfull \hbox (12.0pt too wide) in paragraph at lines 59--60
 [][] 
 []


Overfull \hbox (11.63321pt too wide) in paragraph at lines 65--68
\T1/aer/m/n/9 ga-tion, ma-nip-u-la-tion and se-lec-tion in a vir-tual 3D-enviro
nment.
 []

[1{C:/ProgramData/MiKTeX/2.9/pdftex/config/pdftex.map}


 <C:/Users/Cedric/Desktop/ACM_template/img/overviewScreen.jpg>]
<./img/approaches.jpg, id=10, 1061.46562pt x 513.41812pt>
File: ./img/approaches.jpg Graphic file (type jpg)

<use ./img/approaches.jpg>
Package pdftex.def Info: ./img/approaches.jpg used on input line 128.
(pdftex.def)             Requested size: 252.0pt x 121.88322pt.

Overfull \hbox (12.0pt too wide) in paragraph at lines 128--129
 [][] 
 []

[2] <./img/machineGun.jpg, id=16, 1445.4pt x 679.03688pt>
File: ./img/machineGun.jpg Graphic file (type jpg)

<use ./img/machineGun.jpg>
Package pdftex.def Info: ./img/machineGun.jpg used on input line 146.
(pdftex.def)             Requested size: 252.0pt x 118.3877pt.

Overfull \hbox (12.0pt too wide) in paragraph at lines 146--147
 [][] 
 []

<./img/missile.jpg, id=17, 1445.4pt x 682.80093pt>
File: ./img/missile.jpg Graphic file (type jpg)
 <use ./img/missile.jpg>
Package pdftex.def Info: ./img/missile.jpg used on input line 154.
(pdftex.def)             Requested size: 252.0pt x 119.04395pt.

Overfull \hbox (12.0pt too wide) in paragraph at lines 154--155
 [][] 
 []

<./img/usertest.jpg, id=18, 1110.1475pt x 1818.795pt>
File: ./img/usertest.jpg Graphic file (type jpg)
 <use ./img/usertest.jpg>
Package pdftex.def Info: ./img/usertest.jpg used on input line 167.
(pdftex.def)             Requested size: 151.20154pt x 247.71918pt.

Underfull \vbox (badness 10000) has occurred while \output is active []

 [3 <C:/Users/Cedric/Desktop/ACM_template/img/approaches.jpg> <C:/Users/Cedric/
Desktop/ACM_template/img/machineGun.jpg> <C:/Users/Cedric/Desktop/ACM_template/
img/missile.jpg> <C:/Users/Cedric/Desktop/ACM_template/img/usertest.jpg>]
(C:\Users\Cedric\Desktop\ACM_template\verslag.bbl) [4]
(C:\Users\Cedric\Desktop\ACM_template\verslag.aux) ) 
Here is how much of TeX's memory you used:
 3924 strings out of 493921
 52993 string characters out of 3150888
 118599 words of memory out of 3000000
 7148 multiletter control sequences out of 15000+200000
 50251 words of font info for 69 fonts, out of 3000000 for 9000
 841 hyphenation exceptions out of 8191
 41i,10n,38p,881b,278s stack positions out of 5000i,500n,10000p,200000b,50000s
{D:/Programs/MiKTeX/fonts/e
nc/dvips/fontname/8r.enc}<D:/Programs/MiKTeX/fonts/type1/public/amsfonts/cm/cmb
x9.pfb><D:/Programs/MiKTeX/fonts/type1/public/amsfonts/cm/cmcsc10.pfb><D:/Progr
ams/MiKTeX/fonts/type1/public/amsfonts/cm/cmr9.pfb><D:/Programs/MiKTeX/fonts/ty
pe1/public/amsfonts/cm/cmsy6.pfb><D:/Programs/MiKTeX/fonts/type1/public/amsfont
s/cm/cmti9.pfb><D:/Programs/MiKTeX/fonts/type1/urw/helvetic/uhvb8a.pfb><D:/Prog
rams/MiKTeX/fonts/type1/urw/helvetic/uhvr8a.pfb><D:/Programs/MiKTeX/fonts/type1
/urw/times/utmb8a.pfb>
Output written on verslag.pdf (4 pages, 4106063 bytes).
PDF statistics:
 53 PDF objects out of 1000 (max. 8388607)
 0 named destinations out of 1000 (max. 500000)
 26 words of extra memory for PDF output out of 10000 (max. 10000000)

